<?xml version="1.0" encoding="UTF-8"?>
<!-- Generated by org.testng.reporters.JUnitXMLReporter -->
<testsuite ignored="0" hostname="DESKTOP-OVOH92K" failures="0" tests="5" name="chromeTest" time="30.682" errors="0" timestamp="2023-03-07T15:29:55 IST">
  <testcase classname="testclass.TC04_verifyallproductsaddtocartfunctionality" name="verifyTitle" time="0.025"/>
  <testcase classname="testclass.TC04_verifyallproductsaddtocartfunctionality" name="verifyproduct" time="0.473"/>
  <testcase classname="testclass.TC02_verifylogoutfunctionality" name="validation" time="0.024"/>
  <testcase classname="testclass.TC01_swaglogin" name="validation" time="0.027"/>
  <testcase classname="testclass.TC03_verifybagproductaddtocartfunctinality" name="validation" time="0.226"/>
</testsuite> <!-- chromeTest -->
