<?xml version="1.0" encoding="UTF-8"?>
<!-- Generated by org.testng.reporters.JUnitXMLReporter -->
<testsuite ignored="0" hostname="DESKTOP-OVOH92K" failures="0" tests="5" name="firefoxTest" time="55.422" errors="0" timestamp="2023-03-07T15:30:50 IST">
  <testcase classname="testclass.TC04_verifyallproductsaddtocartfunctionality" name="verifyTitle" time="0.015"/>
  <testcase classname="testclass.TC04_verifyallproductsaddtocartfunctionality" name="verifyproduct" time="0.836"/>
  <testcase classname="testclass.TC02_verifylogoutfunctionality" name="validation" time="0.006"/>
  <testcase classname="testclass.TC01_swaglogin" name="validation" time="0.003"/>
  <testcase classname="testclass.TC03_verifybagproductaddtocartfunctinality" name="validation" time="0.365"/>
</testsuite> <!-- firefoxTest -->
