<?xml version="1.0" encoding="UTF-8"?>
<!-- Generated by org.testng.reporters.JUnitXMLReporter -->
<testsuite ignored="0" hostname="DESKTOP-OVOH92K" failures="0" tests="5" name="Test" time="32.958" errors="0" timestamp="2023-03-07T21:21:14 IST">
  <testcase classname="testclass.TC04_verifyallproductsaddtocartfunctionality" name="verifyTitle" time="0.06"/>
  <testcase classname="testclass.TC04_verifyallproductsaddtocartfunctionality" name="verifyproduct" time="0.486"/>
  <testcase classname="testclass.TC02_verifylogoutfunctionality" name="validation" time="0.015"/>
  <testcase classname="testclass.TC01_swaglogin" name="validation" time="0.022"/>
  <testcase classname="testclass.TC03_verifybagproductaddtocartfunctinality" name="validation" time="0.286"/>
</testsuite> <!-- Test -->
